<?xml version="1.0" encoding="UTF-8"?>
<testsuite name="br.com.dio.desafioreactor.Question2Test" tests="2" skipped="0" failures="0" errors="0" timestamp="2022-07-20T15:57:34" hostname="MacBook-Pro-de-Jose.local" time="0.11">
  <properties/>
  <testcase name="hasNAdmins()" classname="br.com.dio.desafioreactor.Question2Test" time="0.082"/>
  <testcase name="hasNoAdmin()" classname="br.com.dio.desafioreactor.Question2Test" time="0.027"/>
  <system-out><![CDATA[]]></system-out>
  <system-err><![CDATA[]]></system-err>
</testsuite>
